# JRE version: OpenJDK Runtime Environment AdoptOpenJDK (11.0.10+9) (build 11.0.10+9)
# Java VM: OpenJDK 64-Bit Server VM AdoptOpenJDK (11.0.10+9, mixed mode, tiered, compressed oops, g1 gc, windows-amd64)
Heap:
 garbage-first heap   total 114688K, used 39627K [0x0000000091800000, 0x0000000100000000)
  region size 1024K, 31 young (31744K), 6 survivors (6144K)
 Metaspace       used 40636K, capacity 41818K, committed 41984K, reserved 1087488K
  class space    used 4357K, capacity 4827K, committed 4864K, reserved 1048576K
GC Heap History (6 events):
Event: 2.386 GC heap before
{Heap before GC invocations=0 (full 0):
 garbage-first heap   total 114688K, used 25600K [0x0000000091800000, 0x0000000100000000)
  region size 1024K, 22 young (22528K), 0 survivors (0K)
 Metaspace       used 20542K, capacity 21045K, committed 21248K, reserved 1069056K
  class space    used 2095K, capacity 2302K, committed 2304K, reserved 1048576K
}
Event: 2.397 GC heap after
{Heap after GC invocations=1 (full 0):
 garbage-first heap   total 114688K, used 8484K [0x0000000091800000, 0x0000000100000000)
  region size 1024K, 3 young (3072K), 3 survivors (3072K)
 Metaspace       used 20542K, capacity 21045K, committed 21248K, reserved 1069056K
  class space    used 2095K, capacity 2302K, committed 2304K, reserved 1048576K
}
Event: 3.017 GC heap before
{Heap before GC invocations=2 (full 0):
 garbage-first heap   total 114688K, used 22820K [0x0000000091800000, 0x0000000100000000)
  region size 1024K, 17 young (17408K), 3 survivors (3072K)
 Metaspace       used 26414K, capacity 27084K, committed 27264K, reserved 1073152K
  class space    used 2919K, capacity 3169K, committed 3200K, reserved 1048576K
}
Event: 3.024 GC heap after
{Heap after GC invocations=3 (full 0):
 garbage-first heap   total 114688K, used 11419K [0x0000000091800000, 0x0000000100000000)
  region size 1024K, 3 young (3072K), 3 survivors (3072K)
 Metaspace       used 26414K, capacity 27084K, committed 27264K, reserved 1073152K
  class space    used 2919K, capacity 3169K, committed 3200K, reserved 1048576K
}
Event: 3.943 GC heap before
{Heap before GC invocations=3 (full 0):
 garbage-first heap   total 114688K, used 40091K [0x0000000091800000, 0x0000000100000000)
  region size 1024K, 33 young (33792K), 3 survivors (3072K)
 Metaspace       used 34460K, capacity 35478K, committed 35584K, reserved 1081344K
  class space    used 3614K, capacity 4048K, committed 4096K, reserved 1048576K
}
Event: 3.948 GC heap after
{Heap after GC invocations=4 (full 0):
 garbage-first heap   total 114688K, used 14027K [0x0000000091800000, 0x0000000100000000)
  region size 1024K, 6 young (6144K), 6 survivors (6144K)
 Metaspace       used 34460K, capacity 35478K, committed 35584K, reserved 1081344K
  class space    used 3614K, capacity 4048K, committed 4096K, reserved 1048576K
}

